<?xml version="1.0" encoding="UTF-8"?>
<!-- Generated by org.testng.reporters.JUnitXMLReporter -->
<testsuite hostname="LATR-PERTYNYBEK" ignored="0" name="Test" tests="2" failures="0" timestamp="21 Nov 2019 18:32:33 GMT" time="7.945" errors="0">
  <testcase name="loginTest1" time="1.297" classname="com.webace.tests.EmployeeLoginTest.EmployeeLoginTest"/>
  <testcase name="negativeLoginTest1" time="0.461" classname="com.webace.tests.EmployeeLoginTest.EmployeeLoginTest"/>
</testsuite> <!-- Test -->
