<?xml version="1.0" encoding="UTF-8" ?>
<testsuite tests="2" failures="1" name="TestSuite" time="2.057" errors="0" skipped="0">
  <properties>
[...]
</properties>
  <testcase classname="com.webace.tests.EmployeeLoginTest.EmployeeLoginTest" name="loginTest1" time="1.377"/>
  <testcase classname="com.webace.tests.EmployeeLoginTest.EmployeeLoginTest" name="negativeLoginTest1" time="0.68">
    <failure message="expected [Invalid login. Please try again.] but found []" type="java.lang.AssertionError">java.lang.AssertionError: expected [Invalid login. Please try again.] but found []
	at org.testng.Assert.fail(Assert.java:96)
	at org.testng.Assert.failNotEquals(Assert.java:776)
	at org.testng.Assert.assertEqualsImpl(Assert.java:137)
	at org.testng.Assert.assertEquals(Assert.java:118)
	at org.testng.Assert.assertEquals(Assert.java:453)
	at org.testng.Assert.assertEquals(Assert.java:463)
	at com.webace.tests.EmployeeLoginTest.EmployeeLoginTest.negativeLoginTest1(EmployeeLoginTest.java:44)
</failure>
    <system-err>Starting ChromeDriver 78.0.3904.105 (60e2d8774a8151efa6a00b1f358371b1e0e07ee2-refs/branch-heads/3904@{#877}) on port 32919
Only local connections are allowed.
Please protect ports used by ChromeDriver and related test frameworks to prevent access by malicious code.
Nov 25, 2019 10:25:00 AM org.openqa.selenium.remote.ProtocolHandshake createSession
INFO: Detected dialect: W3C
</system-err>
  </testcase>
</testsuite>